
10/14/2016, 9:23:09 AM

Operating System
  Name                        = Mac OS X
  Version                     = 10.11.6
  Architecture                = 64bit
  # CPUs                      = 4
  Memory                      = 17179869184

Node.js
  Node.js Version             = 0.12.7
  npm Version                 = 2.11.3

Titanium CLI
  CLI Version                 = 5.0.9

Titanium SDK
  SDK Version                 = 5.5.1.GA
  SDK Path                    = /Users/igoryudovich/Library/Application Support/Titanium/mobilesdk/osx/5.5.1.GA
  Target Platform             = android

Command
  /usr/local/bin/node /Users/igoryudovich/.appcelerator/install/5.5.1/package/node_modules/titanium/lib/titanium.js build run --platform android --log-level trace --sdk 5.5.1.GA --project-dir /Users/igoryudovich/Documents/Appcelerator_Studio_Workspace/umark_ios --target device --android-sdk /Users/igoryudovich/Library/android-sdk-macosx --device-id 0e4e3eae0d5cc7de --alias  --keystore /Users/igoryudovich/Desktop/android_final/android.keystore --store-password 111111 --no-colors --no-progress-bars --no-prompt --prompt-type socket-bundle --prompt-port 49174 --config-file /var/folders/cy/76jzzxm55yx_b705bk0xb9fr0000gn/T/build-1476418984463.json --no-banner --project-dir /Users/igoryudovich/Documents/Appcelerator_Studio_Workspace/umark_ios

[DEBUG]  Detecting modules in /Users/igoryudovich/Documents/Appcelerator_Studio_Workspace/umark_ios/modules
[DEBUG]  Detected iphone module: ti.map 2.3.1 @ /Users/igoryudovich/Documents/Appcelerator_Studio_Workspace/umark_ios/modules/iphone/ti.map/2.3.1
[DEBUG]  Detecting modules in /Users/igoryudovich/Library/Application Support/Titanium/modules
[DEBUG]  Detected android module: analytics.google 1.0 @ /Users/igoryudovich/Library/Application Support/Titanium/modules/android/analytics.google/1.0
[DEBUG]  Detected android module: bencoding.blur 0.2 @ /Users/igoryudovich/Library/Application Support/Titanium/modules/android/bencoding.blur/0.2
[DEBUG]  Detected android module: com.appcelerator.apm 1.1.1 @ /Users/igoryudovich/Library/Application Support/Titanium/modules/android/com.appcelerator.apm/1.1.1
[DEBUG]  Detected android module: com.appcelerator.apm 1.1.5 @ /Users/igoryudovich/Library/Application Support/Titanium/modules/android/com.appcelerator.apm/1.1.5
[DEBUG]  Detected android module: facebook 3.0.2 @ /Users/igoryudovich/Library/Application Support/Titanium/modules/android/facebook/3.0.2
[DEBUG]  Detected android module: facebook 3.0.3 @ /Users/igoryudovich/Library/Application Support/Titanium/modules/android/facebook/3.0.3
[DEBUG]  Detected android module: facebook 4.0.5 @ /Users/igoryudovich/Library/Application Support/Titanium/modules/android/facebook/4.0.5
[DEBUG]  Detected android module: facebook 5.0.0 @ /Users/igoryudovich/Library/Application Support/Titanium/modules/android/facebook/5.0.0
[DEBUG]  Detected android module: facebook 5.2.0 @ /Users/igoryudovich/Library/Application Support/Titanium/modules/android/facebook/5.2.0
[DEBUG]  Detected android module: ti.cloudpush 3.2.1 @ /Users/igoryudovich/Library/Application Support/Titanium/modules/android/ti.cloudpush/3.2.1
[DEBUG]  Detected android module: ti.cloudpush 3.3.0 @ /Users/igoryudovich/Library/Application Support/Titanium/modules/android/ti.cloudpush/3.3.0
[DEBUG]  Detected android module: ti.cloudpush 3.3.4 @ /Users/igoryudovich/Library/Application Support/Titanium/modules/android/ti.cloudpush/3.3.4
[DEBUG]  Detected android module: ti.cloudpush 3.3.7 @ /Users/igoryudovich/Library/Application Support/Titanium/modules/android/ti.cloudpush/3.3.7
[DEBUG]  Detected android module: ti.cloudpush 3.3.8 @ /Users/igoryudovich/Library/Application Support/Titanium/modules/android/ti.cloudpush/3.3.8
[DEBUG]  Detected android module: ti.cloudpush 3.4.0 @ /Users/igoryudovich/Library/Application Support/Titanium/modules/android/ti.cloudpush/3.4.0
[DEBUG]  Detected android module: ti.cloudpush 3.4.1 @ /Users/igoryudovich/Library/Application Support/Titanium/modules/android/ti.cloudpush/3.4.1
[DEBUG]  Detected android module: ti.map 2.1.3 @ /Users/igoryudovich/Library/Application Support/Titanium/modules/android/ti.map/2.1.3
[DEBUG]  Detected android module: ti.map 2.1.4 @ /Users/igoryudovich/Library/Application Support/Titanium/modules/android/ti.map/2.1.4
[DEBUG]  Detected android module: ti.map 2.2.2 @ /Users/igoryudovich/Library/Application Support/Titanium/modules/android/ti.map/2.2.2
[DEBUG]  Detected android module: ti.map 2.2.3 @ /Users/igoryudovich/Library/Application Support/Titanium/modules/android/ti.map/2.2.3
[DEBUG]  Detected android module: ti.map 2.3.1 @ /Users/igoryudovich/Library/Application Support/Titanium/modules/android/ti.map/2.3.1
[DEBUG]  Detected android module: ti.map 2.3.10 @ /Users/igoryudovich/Library/Application Support/Titanium/modules/android/ti.map/2.3.10
[DEBUG]  Detected android module: ti.map 2.3.2 @ /Users/igoryudovich/Library/Application Support/Titanium/modules/android/ti.map/2.3.2
[DEBUG]  Detected android module: ti.map 2.3.3 @ /Users/igoryudovich/Library/Application Support/Titanium/modules/android/ti.map/2.3.3
[DEBUG]  Detected android module: ti.map 2.3.6 @ /Users/igoryudovich/Library/Application Support/Titanium/modules/android/ti.map/2.3.6
[DEBUG]  Detected android module: ti.touchid 1.0.0 @ /Users/igoryudovich/Library/Application Support/Titanium/modules/android/ti.touchid/1.0.0
[DEBUG]  Detected commonjs module: ti.cloud 3.2.1 @ /Users/igoryudovich/Library/Application Support/Titanium/modules/commonjs/ti.cloud/3.2.1
[DEBUG]  Detected commonjs module: ti.cloud 3.2.10 @ /Users/igoryudovich/Library/Application Support/Titanium/modules/commonjs/ti.cloud/3.2.10
[DEBUG]  Detected commonjs module: ti.cloud 3.2.11 @ /Users/igoryudovich/Library/Application Support/Titanium/modules/commonjs/ti.cloud/3.2.11
[DEBUG]  Detected commonjs module: ti.cloud 3.2.2 @ /Users/igoryudovich/Library/Application Support/Titanium/modules/commonjs/ti.cloud/3.2.2
[DEBUG]  Detected commonjs module: ti.cloud 3.2.3 @ /Users/igoryudovich/Library/Application Support/Titanium/modules/commonjs/ti.cloud/3.2.3
[DEBUG]  Detected commonjs module: ti.cloud 3.2.5 @ /Users/igoryudovich/Library/Application Support/Titanium/modules/commonjs/ti.cloud/3.2.5
[DEBUG]  Detected commonjs module: ti.cloud 3.2.7 @ /Users/igoryudovich/Library/Application Support/Titanium/modules/commonjs/ti.cloud/3.2.7
[DEBUG]  Detected commonjs module: ti.cloud 3.2.9 @ /Users/igoryudovich/Library/Application Support/Titanium/modules/commonjs/ti.cloud/3.2.9
[DEBUG]  Detected iphone module: analytics.google 1.0 @ /Users/igoryudovich/Library/Application Support/Titanium/modules/iphone/analytics.google/1.0
[DEBUG]  Detected iphone module: bencoding.blur 0.40-beta @ /Users/igoryudovich/Library/Application Support/Titanium/modules/iphone/bencoding.blur/0.40-beta
[DEBUG]  Detected iphone module: com.apaladini.blur 1.0.0 @ /Users/igoryudovich/Library/Application Support/Titanium/modules/iphone/com.apaladini.blur/1.0.0
[DEBUG]  Detected iphone module: com.appcelerator.apm 1.1.1 @ /Users/igoryudovich/Library/Application Support/Titanium/modules/iphone/com.appcelerator.apm/1.1.1
[DEBUG]  Detected iphone module: com.appcelerator.apm 1.1.5 @ /Users/igoryudovich/Library/Application Support/Titanium/modules/iphone/com.appcelerator.apm/1.1.5
[DEBUG]  Detected iphone module: com.appcelerator.urlSession 1.0.0 @ /Users/igoryudovich/Library/Application Support/Titanium/modules/iphone/com.appcelerator.urlSession/1.0.0
[DEBUG]  Detected iphone module: com.appcelerator.urlSession 1.0.1 @ /Users/igoryudovich/Library/Application Support/Titanium/modules/iphone/com.appcelerator.urlSession/1.0.1
[DEBUG]  Detected iphone module: com.appcelerator.urlSession 1.1.0 @ /Users/igoryudovich/Library/Application Support/Titanium/modules/iphone/com.appcelerator.urlSession/1.1.0
[DEBUG]  Detected iphone module: com.appcelerator.urlSession 1.1.1 @ /Users/igoryudovich/Library/Application Support/Titanium/modules/iphone/com.appcelerator.urlSession/1.1.1
[DEBUG]  Detected iphone module: com.appcelerator.urlSession 2.0.0 @ /Users/igoryudovich/Library/Application Support/Titanium/modules/iphone/com.appcelerator.urlSession/2.0.0
[DEBUG]  Detected iphone module: com.likelysoft.cardio 1.0.0 @ /Users/igoryudovich/Library/Application Support/Titanium/modules/iphone/com.likelysoft.cardio/1.0.0
[DEBUG]  Detected iphone module: facebook 3.1.1 @ /Users/igoryudovich/Library/Application Support/Titanium/modules/iphone/facebook/3.1.1
[DEBUG]  Detected iphone module: facebook 3.2.0 @ /Users/igoryudovich/Library/Application Support/Titanium/modules/iphone/facebook/3.2.0
[DEBUG]  Detected iphone module: facebook 4.0.5 @ /Users/igoryudovich/Library/Application Support/Titanium/modules/iphone/facebook/4.0.5
[DEBUG]  Detected iphone module: facebook 5.0.1 @ /Users/igoryudovich/Library/Application Support/Titanium/modules/iphone/facebook/5.0.1
[DEBUG]  Detected iphone module: facebook 5.2.7 @ /Users/igoryudovich/Library/Application Support/Titanium/modules/iphone/facebook/5.2.7
[DEBUG]  Detected iphone module: ti.coremotion 1.0.1 @ /Users/igoryudovich/Library/Application Support/Titanium/modules/iphone/ti.coremotion/1.0.1
[DEBUG]  Detected iphone module: ti.coremotion 1.1.0 @ /Users/igoryudovich/Library/Application Support/Titanium/modules/iphone/ti.coremotion/1.1.0
[DEBUG]  Detected iphone module: ti.coremotion 2.0.0 @ /Users/igoryudovich/Library/Application Support/Titanium/modules/iphone/ti.coremotion/2.0.0
[DEBUG]  Detected iphone module: ti.map 2.0.1 @ /Users/igoryudovich/Library/Application Support/Titanium/modules/iphone/ti.map/2.0.1
[DEBUG]  Detected iphone module: ti.map 2.0.2 @ /Users/igoryudovich/Library/Application Support/Titanium/modules/iphone/ti.map/2.0.2
[DEBUG]  Detected iphone module: ti.map 2.0.4 @ /Users/igoryudovich/Library/Application Support/Titanium/modules/iphone/ti.map/2.0.4
[DEBUG]  Detected iphone module: ti.map 2.2.0 @ /Users/igoryudovich/Library/Application Support/Titanium/modules/iphone/ti.map/2.2.0
[DEBUG]  Detected iphone module: ti.map 2.3.1 @ /Users/igoryudovich/Library/Application Support/Titanium/modules/iphone/ti.map/2.3.1
[DEBUG]  Detected iphone module: ti.map 2.3.3 @ /Users/igoryudovich/Library/Application Support/Titanium/modules/iphone/ti.map/2.3.3
[DEBUG]  Detected iphone module: ti.map 2.4.1 @ /Users/igoryudovich/Library/Application Support/Titanium/modules/iphone/ti.map/2.4.1
[DEBUG]  Detected iphone module: ti.map 2.5.2 @ /Users/igoryudovich/Library/Application Support/Titanium/modules/iphone/ti.map/2.5.2
[DEBUG]  Detected iphone module: ti.map 2.7.1 @ /Users/igoryudovich/Library/Application Support/Titanium/modules/iphone/ti.map/2.7.1
[DEBUG]  Detected iphone module: ti.safaridialog 1.0.5 @ /Users/igoryudovich/Library/Application Support/Titanium/modules/iphone/ti.safaridialog/1.0.5
[DEBUG]  Detected iphone module: ti.touchid 1.0 @ /Users/igoryudovich/Library/Application Support/Titanium/modules/iphone/ti.touchid/1.0
[DEBUG]  Detected iphone module: ti.touchid 1.1.0 @ /Users/igoryudovich/Library/Application Support/Titanium/modules/iphone/ti.touchid/1.1.0
[DEBUG]  Detected iphone module: ti.touchid 1.2.0 @ /Users/igoryudovich/Library/Application Support/Titanium/modules/iphone/ti.touchid/1.2.0
[DEBUG]  Detected iphone module: ti.touchid 1.2.2 @ /Users/igoryudovich/Library/Application Support/Titanium/modules/iphone/ti.touchid/1.2.2
[DEBUG]  Detected tizen module: tizen 3.0.0 @ /Users/igoryudovich/Library/Application Support/Titanium/modules/tizen/tizen/3.0.0
[DEBUG]  Looking for Titanium module id=ti.map version=latest platform=android deploy-type=test
[INFO]   Found Titanium module id=ti.map version=2.3.6 platform=android deploy-type=test path=/Users/igoryudovich/Library/Application Support/Titanium/modules/android/ti.map/2.3.6
[INFO]   Found better matching module id=ti.map version=latest platform=android deploy-type=test path=/Users/igoryudovich/Library/Application Support/Titanium/modules/android/ti.map/2.3.10
[DEBUG]  Looking for Titanium module id=ti.cloud version=latest platform=commonjs deploy-type=test
[INFO]   Found Titanium module id=ti.cloud version=3.2.9 platform=commonjs deploy-type=test path=/Users/igoryudovich/Library/Application Support/Titanium/modules/commonjs/ti.cloud/3.2.9
[INFO]   Found better matching module id=ti.cloud version=latest platform=commonjs deploy-type=test path=/Users/igoryudovich/Library/Application Support/Titanium/modules/commonjs/ti.cloud/3.2.11
[DEBUG]  No project level plugins to load
[TRACE]  Snapshotting build directory
[DEBUG]  Titanium SDK Android directory: /Users/igoryudovich/Library/Application Support/Titanium/mobilesdk/osx/5.5.1.GA/android
[INFO]   Deploy type: test
[INFO]   Building for target: device
[INFO]   Building for device: 0e4e3eae0d5cc7de
[INFO]   Targeting Android SDK API: 23
[INFO]   Building for the following architectures: armeabi, armeabi-v7a, x86
[INFO]   Signing with keystore: /Users/igoryudovich/Desktop/android_final/android.keystore (ru.chelyabinvestbank.investpay)
[DEBUG]  App ID: ru.umark.official
[DEBUG]  Classname: Umark_ios
[INFO]   Debugging disabled
[INFO]   Profiler disabled
[INFO]   Forcing rebuild: JavaScript files need to be re-encrypted
[TRACE]  offline build file /var/folders/cy/76jzzxm55yx_b705bk0xb9fr0000gn/T/build-ae055dffa5641411108675a8cb32885e7902fc9e.json